DEBUG:root:FileName::InitRootInode
DEBUG:root:InodeNumber::InodeNumberToInode: 0
DEBUG:root:Get: 4
DEBUG:root:InodeNumber::InodeNumberToInode: inode_number 0 raw_block_number: 4 slice start: 0 end: 16
DEBUG:root:inode_slice: 00000010000200010000000600000000
DEBUG:root:FileName::InitRootInode: calling AllocateDataBlock
DEBUG:root:FileName::AllocateDataBlock: 
DEBUG:root:Get: 2
DEBUG:root:Get: 2
DEBUG:root:Put: block number 2 len 128
0000000000000101000000000000000000000000000000000000000000000000000000000000000000000000000000000000000000000000000000000000000000000000000000000000000000000000000000000000000000000000000000000000000000000000000000000000000000000000000000000000000000000000
DEBUG:root:FileName::AllocateDataBlock: allocated 7
DEBUG:root:FileName::InitRootInode: calling InsertFilenameInodeNumber
DEBUG:root:FileName::InsertFilenameInodeNumber: ., 0
DEBUG:root:Get: 7
DEBUG:root:FileName::InsertFilenameInodeNumber: block read 
0000000000000000000000000000000000000000000000000000000000000000000000000000000000000000000000000000000000000000000000000000000000000000000000000000000000000000000000000000000000000000000000000000000000000000000000000000000000000000000000000000000000000000
DEBUG:root:FileName::InsertFilenameInodeNumber: string_start 0, string_end 12
DEBUG:root:FileName::InsertFilenameInodeNumber: inode_start 12, inode_end 16
DEBUG:root:Put: block number 7 len 128
2e00000000000000000000000000000000000000000000000000000000000000000000000000000000000000000000000000000000000000000000000000000000000000000000000000000000000000000000000000000000000000000000000000000000000000000000000000000000000000000000000000000000000000
DEBUG:root:FileName::InsertFilenameInodeNumber: insert_to.inode.size 0
DEBUG:root:InodeNumber::StoreInode: 0
DEBUG:root:InodeNumber::StoreInode: inode_table_raw_block_number 4
DEBUG:root:Get: 4
DEBUG:root:InodeNumber::StoreInode: inode_table_raw_block:
0000001000020001000000060000000000000000000000000000000000000000000000000000000000000000000000000000000000000000000000000000000000000000000000000000000000000000000000000000000000000000000000000000000000000000000000000000000000000000000000000000000000000000
DEBUG:root:InodeNumber::StoreInode: start: 0, end: 16
DEBUG:root:InodeNumber::StoreInode: tempblock:
0000001000020001000000070000000000000000000000000000000000000000000000000000000000000000000000000000000000000000000000000000000000000000000000000000000000000000000000000000000000000000000000000000000000000000000000000000000000000000000000000000000000000000
DEBUG:root:Put: block number 4 len 128
0000001000020001000000070000000000000000000000000000000000000000000000000000000000000000000000000000000000000000000000000000000000000000000000000000000000000000000000000000000000000000000000000000000000000000000000000000000000000000000000000000000000000000
DEBUG:root:FileName::InitRootInode: calling StoreInode
DEBUG:root:InodeNumber::StoreInode: 0
DEBUG:root:InodeNumber::StoreInode: inode_table_raw_block_number 4
DEBUG:root:Get: 4
DEBUG:root:InodeNumber::StoreInode: inode_table_raw_block:
0000001000020001000000070000000000000000000000000000000000000000000000000000000000000000000000000000000000000000000000000000000000000000000000000000000000000000000000000000000000000000000000000000000000000000000000000000000000000000000000000000000000000000
DEBUG:root:InodeNumber::StoreInode: start: 0, end: 16
DEBUG:root:InodeNumber::StoreInode: tempblock:
0000001000020001000000070000000000000000000000000000000000000000000000000000000000000000000000000000000000000000000000000000000000000000000000000000000000000000000000000000000000000000000000000000000000000000000000000000000000000000000000000000000000000000
DEBUG:root:Put: block number 4 len 128
00000010000200010000000700000000000000000000000000000000000000000000000000000000000000000000000000000000000000000000000000000000000000000000000000000000000000000000000000000000000000000000000000000000000000000000000000000000000000000000000DEBUG:root:Get: 254DEBUG:root:Get: 254
DEBUG:root:Put: block number 254 len 128
0200000000000000000000000000000000000000000000000000000000000000000000000000000000000000000000000000000000000000000000000000000000000000000000000000000000000000000000000000000000000000000000000000000000000000000000000000000000000000000000000000000000000000
DEBUG:root:InodeNumber::InodeNumberToInode: 0
DEBUG:root:Get: 4
DEBUG:root:InodeNumber::InodeNumberToInode: inode_number 0 raw_block_number: 4 slice start: 0 end: 16
DEBUG:root:inode_slice: 00000020000200020000000700000000
DEBUG:root:Get: 7
DEBUG:root:InodeNumber::InodeNumberToInode: 0
DEBUG:root:Get: 4
DEBUG:root:InodeNumber::InodeNumberToInode: inode_number 0 raw_block_number: 4 slice start: 0 end: 16
DEBUG:root:inode_slice: 00000020000200020000000700000000
DEBUG:root:InodeNumber::InodeNumberToInode: 1
DEBUG:root:Get: 4
DEBUG:root:InodeNumber::InodeNumberToInode: inode_number 1 raw_block_number: 4 slice start: 16 end: 32
DEBUG:root:inode_slice: 00000000000100010000000000000000
DEBUG:root:Get: 254
DEBUG:root:Put: block number 254 len 128
0200000000000000000000000000000000000000000000000000000000000000000000000000000000000000000000000000000000000000000000000000000000000000000000000000000000000000000000000000000000000000000000000000000000000000000000000000000000000000000000000000000000000000
DEBUG:root:AbsolutePathName::PathNameToInodeNumber: path: f1.txt, cwd: 0
DEBUG:root:AbsolutePathName::GeneralPathToInodeNumber: path: f1.txt, cwd: 0
DEBUG:root:AbsolutePathName::PathToInodeNumber: path: f1.txt, dir: 0
DEBUG:root:FileName::Lookup: f1.txt, 0
DEBUG:root:InodeNumber::InodeNumberToInode: 0
DEBUG:root:Get: 4
DEBUG:root:InodeNumber::InodeNumberToInode: inode_number 0 raw_block_number: 4 slice start: 0 end: 16
DEBUG:root:inode_slice: 00000020000200020000000700000000
DEBUG:root:InodeNumber::InodeNumberToBlock: 0
DEBUG:root:InodeNumber::InodeNumberToInode: 0
DEBUG:root:Get: 4
DEBUG:root:InodeNumber::InodeNumberToInode: inode_number 0 raw_block_number: 4 slice start: 0 end: 16
DEBUG:root:inode_slice: 00000020000200020000000700000000
DEBUG:root:Get: 7
DEBUG:root:FileName::HelperGetFilenameString: 2e00000000000000000000000000000066312e74787400000000000000000001000000000000000000000000000000000000000000000000000000000000000000000000000000000000000000000000000000000000000000000000000000000000000000000000000000000000000000000000000000000000000000000000, 0
DEBUG:root:FileName::Lookup for f1.txt in 0: searching string bytearray(b'.\x00\x00\x00\x00\x00\x00\x00\x00\x00\x00\x00')
DEBUG:root:FileName::HelperGetFilenameString: 2e00000000000000000000000000000066312e74787400000000000000000001000000000000000000000000000000000000000000000000000000000000000000000000000000000000000000000000000000000000000000000000000000000000000000000000000000000000000000000000000000000000000000000000, 1
DEBUG:root:FileName::Lookup for f1.txt in 0: searching string bytearray(b'f1.txt\x00\x00\x00\x00\x00\x00')
DEBUG:root:FileName::HelperGetFilenameInodeNumber: 2e00000000000000000000000000000066312e74787400000000000000000001000000000000000000000000000000000000000000000000000000000000000000000000000000000000000000000000000000000000000000000000000000000000000000000000000000000000000000000000000000000000000000000000, 1
DEBUG:root:FileName::Lookup successful: 1
DEBUG:root:InodeNumber::InodeNumberToInode: 1
DEBUG:root:Get: 4
DEBUG:root:InodeNumber::InodeNumberToInode: inode_number 1 raw_block_number: 4 slice start: 16 end: 32
DEBUG:root:inode_slice: 00000004000100010000000800000000
DEBUG:root:InodeNumber::InodeNumberToInode: 1
DEBUG:root:Get: 4
DEBUG:root:InodeNumber::InodeNumberToInode: inode_number 1 raw_block_number: 4 slice start: 16 end: 32
DEBUG:root:inode_slice: 00000004000100010000000800000000
DEBUG:root:FileOperations::Read: file_inode_number: 1, offset: 0, count: 256
DEBUG:root:InodeNumber::InodeNumberToInode: 1
DEBUG:root:Get: 4
DEBUG:root:InodeNumber::InodeNumberToInode: inode_number 1 raw_block_number: 4 slice start: 16 end: 32
DEBUG:root:inode_slice: 00000004000100010000000800000000
DEBUG:root:FileOperations::Read: current_block_index: 0 , next_block_boundary: 128
DEBUG:root:FileOperations::Read: read_start: 0 , read_end: 4
DEBUG:root:Get: 8
DEBUG:root:FileOperations::Read: current_offset: 4 , bytes_read: 4
DEBUG:root:Get: 254
DEBUG:root:AbsolutePathName::PathNameToInodeNumber: path: f1.txt, cwd: 0
DEBUG:root:AbsolutePathName::GeneralPathToInodeNumber: path: f1.txt, cwd: 0
DEBUG:root:AbsolutePathName::PathToInodeNumber: path: f1.txt, dir: 0
DEBUG:root:FileName::Lookup: f1.txt, 0
DEBUG:root:InodeNumber::InodeNumberToInode: 0
DEBUG:root:Get: 4
DEBUG:root:InodeNumber::InodeNumberToInode: inode_number 0 raw_block_number: 4 slice start: 0 end: 16
DEBUG:root:inode_slice: 00000020000200020000000700000000
DEBUG:root:InodeNumber::InodeNumberToBlock: 0
DEBUG:root:InodeNumber::InodeNumberToInode: 0
DEBUG:root:Get: 4
DEBUG:root:InodeNumber::InodeNumberToInode: inode_number 0 raw_block_number: 4 slice start: 0 end: 16
DEBUG:root:inode_slice: 00000020000200020000000700000000
DEBUG:root:Get: 7
DEBUG:root:FileName::HelperGetFilenameString: 2e00000000000000000000000000000066312e74787400000000000000000001000000000000000000000000000000000000000000000000000000000000000000000000000000000000000000000000000000000000000000000000000000000000000000000000000000000000000000000000000000000000000000000000, 0
DEBUG:root:FileName::Lookup for f1.txt in 0: searching string bytearray(b'.\x00\x00\x00\x00\x00\x00\x00\x00\x00\x00\x00')
DEBUG:root:FileName::HelperGetFilenameString: 2e00000000000000000000000000000066312e74787400000000000000000001000000000000000000000000000000000000000000000000000000000000000000000000000000000000000000000000000000000000000000000000000000000000000000000000000000000000000000000000000000000000000000000000, 1
DEBUG:root:FileName::Lookup for f1.txt in 0: searching string bytearray(b'f1.txt\x00\x00\x00\x00\x00\x00')
DEBUG:root:FileName::HelperGetFilenameInodeNumber: 2e00000000000000000000000000000066312e74787400000000000000000001000000000000000000000000000000000000000000000000000000000000000000000000000000000000000000000000000000000000000000000000000000000000000000000000000000000000000000000000000000000000000000000000, 1
DEBUG:root:FileName::Lookup successful: 1
DEBUG:root:InodeNumber::InodeNumberToInode: 1
DEBUG:root:Get: 4
DEBUG:root:InodeNumber::InodeNumberToInode: inode_number 1 raw_block_number: 4 slice start: 16 end: 32
DEBUG:root:inode_slice: 00000004000100010000000800000000
DEBUG:root:InodeNumber::InodeNumberToInode: 1
DEBUG:root:Get: 4
DEBUG:root:InodeNumber::InodeNumberToInode: inode_number 1 raw_block_number: 4 slice start: 16 end: 32
DEBUG:root:inode_slice: 00000004000100010000000800000000
DEBUG:root:FileOperations::Write: file_inode_number: 1, offset: 4, len(data): 4
DEBUG:root:InodeNumber::InodeNumberToInode: 1
DEBUG:root:Get: 4
DEBUG:root:InodeNumber::InodeNumberToInode: inode_number 1 raw_block_number: 4 slice start: 16 end: 32
DEBUG:root:inode_slice: 00000004000100010000000800000000
DEBUG:root:FileOperations::Write: current_block_index: 0 , next_block_boundary: 128
DEBUG:root:FileOperations::Write: write_start: 4 , write_end: 8
DEBUG:root:Get: 8
DEBUG:root:Put: block number 8 len 128
616263646d6e6f70000000000000000000000000000000000000000000000000000000000000000000000000000000000000000000000000000000000000000000000000000000000000000000000000000000000000000000000000000000000000000000000000000000000000000000000000000000000000000000000000
DEBUG:root:FileOperations::Write: current_offset: 8 , bytes_written: 4 , len(data): 4
DEBUG:root:InodeNumber::StoreInode: 1
DEBUG:root:InodeNumber::StoreInode: inode_table_raw_block_number 4
DEBUG:root:Get: 4
DEBUG:root:InodeNumber::StoreInode: inode_table_raw_block:
0000002000020002000000070000000000000004000100010000000800000000000000000000000000000000000000000000000000000000000000000000000000000000000000000000000000000000000000000000000000000000000000000000000000000000000000000000000000000000000000000000000000000000
DEBUG:root:InodeNumber::StoreInode: start: 16, end: 32
DEBUG:root:InodeNumber::StoreInode: tempblock:
0000002000020002000000070000000000000008000100010000000800000000000000000000000000000000000000000000000000000000000000000000000000000000000000000000000000000000000000000000000000000000000000000000000000000000000000000000000000000000000000000000000000000000
DEBUG:root:Put: block number 4 len 128
0000002000020002000000070000000000000008000100010000000800000000000000000000000000000000000000000000000000000000000000000000000000000000000000000000000000000000000000000000000000000000000000000000000000000000000000000000000000000000000000000000000000000000
DEBUG:root:Get: 254
DEBUG:root:Put: block number 254 len 128
0200000000000000000000000000000000000000000000000000000000000000000000000000000000000000000000000000000000000000000000000000000000000000000000000000000000000000000000000000000000000000000000000000000000000000000000000000000000000000000000000000000000000000
DEBUG:root:AbsolutePathName::PathNameToInodeNumber: path: f1.txt, cwd: 0
DEBUG:root:AbsolutePathName::GeneralPathToInodeNumber: path: f1.txt, cwd: 0
DEBUG:root:AbsolutePathName::PathToInodeNumber: path: f1.txt, dir: 0
DEBUG:root:FileName::Lookup: f1.txt, 0
DEBUG:root:InodeNumber::InodeNumberToInode: 0
DEBUG:root:Get: 4
DEBUG:root:InodeNumber::InodeNumberToInode: inode_number 0 raw_block_number: 4 slice start: 0 end: 16
DEBUG:root:inode_slice: 00000020000200020000000700000000
DEBUG:root:InodeNumber::InodeNumberToBlock: 0
DEBUG:root:InodeNumber::InodeNumberToInode: 0
DEBUG:root:Get: 4
DEBUG:root:InodeNumber::InodeNumberToInode: inode_number 0 raw_block_number: 4 slice start: 0 end: 16
DEBUG:root:inode_slice: 00000020000200020000000700000000
DEBUG:root:Get: 7
DEBUG:root:FileName::HelperGetFilenameString: 2e00000000000000000000000000000066312e74787400000000000000000001000000000000000000000000000000000000000000000000000000000000000000000000000000000000000000000000000000000000000000000000000000000000000000000000000000000000000000000000000000000000000000000000, 0
DEBUG:root:FileName::Lookup for f1.txt in 0: searching string bytearray(b'.\x00\x00\x00\x00\x00\x00\x00\x00\x00\x00\x00')
DEBUG:root:FileName::HelperGetFilenameString: 2e00000000000000000000000000000066312e74787400000000000000000001000000000000000000000000000000000000000000000000000000000000000000000000000000000000000000000000000000000000000000000000000000000000000000000000000000000000000000000000000000000000000000000000, 1
DEBUG:root:FileName::Lookup for f1.txt in 0: searching string bytearray(b'f1.txt\x00\x00\x00\x00\x00\x00')
DEBUG:root:FileName::HelperGetFilenameInodeNumber: 2e00000000000000000000000000000066312e74787400000000000000000001000000000000000000000000000000000000000000000000000000000000000000000000000000000000000000000000000000000000000000000000000000000000000000000000000000000000000000000000000000000000000000000000, 1
DEBUG:root:FileName::Lookup successful: 1
DEBUG:root:InodeNumber::InodeNumberToInode: 1
DEBUG:root:Get: 4
DEBUG:root:InodeNumber::InodeNumberToInode: inode_number 1 raw_block_number: 4 slice start: 16 end: 32
DEBUG:root:inode_slice: 00000008000100010000000800000000
DEBUG:root:InodeNumber::InodeNumberToInode: 1
DEBUG:root:Get: 4
DEBUG:root:InodeNumber::InodeNumberToInode: inode_number 1 raw_block_number: 4 slice start: 16 end: 32
DEBUG:root:inode_slice: 00000008000100010000000800000000
DEBUG:root:FileOperations::Read: file_inode_number: 1, offset: 0, count: 256
DEBUG:root:InodeNumber::InodeNumberToInode: 1
DEBUG:root:Get: 4
DEBUG:root:InodeNumber::InodeNumberToInode: inode_number 1 raw_block_number: 4 slice start: 16 end: 32
DEBUG:root:inode_slice: 00000008000100010000000800000000
DEBUG:root:FileOperations::Read: current_block_index: 0 , next_block_boundary: 128
DEBUG:root:FileOperations::Read: read_start: 0 , read_end: 8
DEBUG:root:Get: 8
DEBUG:root:FileOperations::Read: current_offset: 8 , bytes_read: 8
2000020002000000070000000000000000000100010000000000000000000000000000000000000000000000000000000000000000000000000000000000000000000000000000000000000000000000000000000000000000000000000000000000000000000000000000000000000000000000000000000000000000
DEBUG:root:InodeNumber::StoreInode: start: 16, end: 32
DEBUG:root:InodeNumber::StoreInode: tempblock:
0000002000020002000000070000000000000004000100010000000800000000000000000000000000000000000000000000000000000000000000000000000000000000000000000000000000000000000000000000000000000000000000000000000000000000000000000000000000000000000000000000000000000000
DEBUG:root:Put: block number 4 len 128
0000002000020002000000070000000000000004000100010000000800000000000000000000000000000000000000000000000000000000000000000000000000000000000000000000000000000000000000000000000000000000000000000000000000000000000000000000000000000000000000000000000000000000
DEBUG:root:Get: 254
DEBUG:root:Put: block number 254 len 128
0100000000000000000000000000000000000000000000000000000000000000000000000000000000000000000000000000000000000000000000000000000000000000000000000000000000000000000000000000000000000000000000000000000000000000000000000000000000000000000000000000000000000000
DEBUG:root:AbsolutePathName::PathNameToInodeNumber: path: f1.txt, cwd: 0
DEBUG:root:AbsolutePathName::GeneralPathToInodeNumber: path: f1.txt, cwd: 0
DEBUG:root:AbsolutePathName::PathToInodeNumber: path: f1.txt, dir: 0
DEBUG:root:FileName::Lookup: f1.txt, 0
DEBUG:root:InodeNumber::InodeNumberToInode: 0
DEBUG:root:Get: 4
DEBUG:root:InodeNumber::InodeNumberToInode: inode_number 0 raw_block_number: 4 slice start: 0 end: 16
DEBUG:root:inode_slice: 00000020000200020000000700000000
DEBUG:root:InodeNumber::InodeNumberToBlock: 0
DEBUG:root:InodeNumber::InodeNumberToInode: 0
DEBUG:root:Get: 4
DEBUG:root:InodeNumber::InodeNumberToInode: inode_number 0 raw_block_number: 4 slice start: 0 end: 16
DEBUG:root:inode_slice: 00000020000200020000000700000000
DEBUG:root:Get: 7
DEBUG:root:FileName::HelperGetFilenameString: 2e00000000000000000000000000000066312e74787400000000000000000001000000000000000000000000000000000000000000000000000000000000000000000000000000000000000000000000000000000000000000000000000000000000000000000000000000000000000000000000000000000000000000000000, 0
DEBUG:root:FileName::Lookup for f1.txt in 0: searching string bytearray(b'.\x00\x00\x00\x00\x00\x00\x00\x00\x00\x00\x00')
DEBUG:root:FileName::HelperGetFilenameString: 2e00000000000000000000000000000066312e74787400000000000000000001000000000000000000000000000000000000000000000000000000000000000000000000000000000000000000000000000000000000000000000000000000000000000000000000000000000000000000000000000000000000000000000000, 1
DEBUG:root:FileName::Lookup for f1.txt in 0: searching string bytearray(b'f1.txt\x00\x00\x00\x00\x00\x00')
DEBUG:root:FileName::HelperGetFilenameInodeNumber: 2e00000000000000000000000000000066312e74787400000000000000000001000000000000000000000000000000000000000000000000000000000000000000000000000000000000000000000000000000000000000000000000000000000000000000000000000000000000000000000000000000000000000000000000, 1
DEBUG:root:FileName::Lookup successful: 1
DEBUG:root:InodeNumber::InodeNumberToInode: 1
DEBUG:root:Get: 4
DEBUG:root:InodeNumber::InodeNumberToInode: inode_number 1 raw_block_number: 4 slice start: 16 end: 32
DEBUG:root:inode_slice: 00000008000100010000000800000000
DEBUG:root:InodeNumber::InodeNumberToInode: 1
DEBUG:root:Get: 4
DEBUG:root:InodeNumber::InodeNumberToInode: inode_number 1 raw_block_number: 4 slice start: 16 end: 32
DEBUG:root:inode_slice: 00000008000100010000000800000000
DEBUG:root:FileOperations::Read: file_inode_number: 1, offset: 0, count: 256
DEBUG:root:InodeNumber::InodeNumberToInode: 1
DEBUG:root:Get: 4
DEBUG:root:InodeNumber::InodeNumberToInode: inode_number 1 raw_block_number: 4 slice start: 16 end: 32
DEBUG:root:inode_slice: 00000008000100010000000800000000
DEBUG:root:FileOperations::Read: current_block_index: 0 , next_block_boundary: 128
DEBUG:root:FileOperations::Read: read_start: 0 , read_end: 8
DEBUG:root:Get: 8
DEBUG:root:FileOperations::Read: current_offset: 8 , bytes_read: 8
DEBUG:root:Get: 254
DEBUG:root:AbsolutePathName::PathNameToInodeNumber: path: f1, cwd: 0
DEBUG:root:AbsolutePathName::GeneralPathToInodeNumber: path: f1, cwd: 0
DEBUG:root:AbsolutePathName::PathToInodeNumber: path: f1, dir: 0
DEBUG:root:FileName::Lookup: f1, 0
DEBUG:root:InodeNumber::InodeNumberToInode: 0
DEBUG:root:Get: 4
DEBUG:root:InodeNumber::InodeNumberToInode: inode_number 0 raw_block_number: 4 slice start: 0 end: 16
DEBUG:root:inode_slice: 00000020000200020000000700000000
DEBUG:root:InodeNumber::InodeNumberToBlock: 0
DEBUG:root:InodeNumber::InodeNumberToInode: 0
DEBUG:root:Get: 4
DEBUG:root:InodeNumber::InodeNumberToInode: inode_number 0 raw_block_number: 4 slice start: 0 end: 16
DEBUG:root:inode_slice: 00000020000200020000000700000000
DEBUG:root:Get: 7
DEBUG:root:FileName::HelperGetFilenameString: 2e00000000000000000000000000000066312e74787400000000000000000001000000000000000000000000000000000000000000000000000000000000000000000000000000000000000000000000000000000000000000000000000000000000000000000000000000000000000000000000000000000000000000000000, 0
DEBUG:root:FileName::Lookup for f1 in 0: searching string bytearray(b'.\x00\x00\x00\x00\x00\x00\x00\x00\x00\x00\x00')
DEBUG:root:FileName::HelperGetFilenameString: 2e00000000000000000000000000000066312e74787400000000000000000001000000000000000000000000000000000000000000000000000000000000000000000000000000000000000000000000000000000000000000000000000000000000000000000000000000000000000000000000000000000000000000000000, 1
DEBUG:root:FileName::Lookup for f1 in 0: searching string bytearray(b'f1.txt\x00\x00\x00\x00\x00\x00')
DEBUG:root:FileName::Lookup: file not found: f1 in 0
DEBUG:root:InodeNumber::InodeNumberToInode: -1
DEBUG:root:Get: 3
DEBUG:root:InodeNumber::InodeNumberToInode: inode_number -1 raw_block_number: 3 slice start: 112 end: 128
DEBUG:root:inode_slice: 00000000000000000000000000000000
DEBUG:root:Get: 254
DEBUG:root:Put: block number 254 len 128
0100000000000000000000000000000000000000000000000000000000000000000000000000000000000000000000000000000000000000000000000000000000000000000000000000000000000000000000000000000000000000000000000000000000000000000000000000000000000000000000000000000000000000
DEBUG:root:AbsolutePathName::PathNameToInodeNumber: path: f1.txt, cwd: 0
DEBUG:root:AbsolutePathName::GeneralPathToInodeNumber: path: f1.txt, cwd: 0
DEBUG:root:AbsolutePathName::PathToInodeNumber: path: f1.txt, dir: 0
DEBUG:root:FileName::Lookup: f1.txt, 0
DEBUG:root:InodeNumber::InodeNumberToInode: 0
DEBUG:root:Get: 4
DEBUG:root:InodeNumber::InodeNumberToInode: inode_number 0 raw_block_number: 4 slice start: 0 end: 16
DEBUG:root:inode_slice: 00000020000200020000000700000000
DEBUG:root:InodeNumber::InodeNumberToBlock: 0
DEBUG:root:InodeNumber::InodeNumberToInode: 0
DEBUG:root:Get: 4
DEBUG:root:InodeNumber::InodeNumberToInode: inode_number 0 raw_block_number: 4 slice start: 0 end: 16
DEBUG:root:inode_slice: 00000020000200020000000700000000
DEBUG:root:Get: 7
DEBUG:root:FileName::HelperGetFilenameString: 2e00000000000000000000000000000066312e74787400000000000000000001000000000000000000000000000000000000000000000000000000000000000000000000000000000000000000000000000000000000000000000000000000000000000000000000000000000000000000000000000000000000000000000000, 0
DEBUG:root:FileName::Lookup for f1.txt in 0: searching string bytearray(b'.\x00\x00\x00\x00\x00\x00\x00\x00\x00\x00\x00')
DEBUG:root:FileName::HelperGetFilenameString: 2e00000000000000000000000000000066312e74787400000000000000000001000000000000000000000000000000000000000000000000000000000000000000000000000000000000000000000000000000000000000000000000000000000000000000000000000000000000000000000000000000000000000000000000, 1
DEBUG:root:FileName::Lookup for f1.txt in 0: searching string bytearray(b'f1.txt\x00\x00\x00\x00\x00\x00')
DEBUG:root:FileName::HelperGetFilenameInodeNumber: 2e00000000000000000000000000000066312e74787400000000000000000001000000000000000000000000000000000000000000000000000000000000000000000000000000000000000000000000000000000000000000000000000000000000000000000000000000000000000000000000000000000000000000000000, 1
DEBUG:root:FileName::Lookup successful: 1
DEBUG:root:InodeNumber::InodeNumberToInode: 1
DEBUG:root:Get: 4
DEBUG:root:InodeNumber::InodeNumberToInode: inode_number 1 raw_block_number: 4 slice start: 16 end: 32
DEBUG:root:inode_slice: 00000008000100010000000800000000
DEBUG:root:InodeNumber::InodeNumberToInode: 1
DEBUG:root:Get: 4
DEBUG:root:InodeNumber::InodeNumberToInode: inode_number 1 raw_block_number: 4 slice start: 16 end: 32
DEBUG:root:inode_slice: 00000008000100010000000800000000
DEBUG:root:FileOperations::Read: file_inode_number: 1, offset: 0, count: 256
DEBUG:root:InodeNumber::InodeNumberToInode: 1
DEBUG:root:Get: 4
DEBUG:root:InodeNumber::InodeNumberToInode: inode_number 1 raw_block_number: 4 slice start: 16 end: 32
DEBUG:root:inode_slice: 00000008000100010000000800000000
DEBUG:root:FileOperations::Read: current_block_index: 0 , next_block_boundary: 128
DEBUG:root:FileOperations::Read: read_start: 0 , read_end: 8
DEBUG:root:Get: 8
DEBUG:root:FileOperations::Read: current_offset: 8 , bytes_read: 8
